[24180:4836:0131/200427.616:INFO:components\enterprise\browser\controller\chrome_browser_cloud_management_controller.cc:206] No machine level policy manager exists.
[8900:23872:0131/200428.481:INFO:third_party\webrtc\rtc_base\cpu_info.cc:75] Available number of cores: 16
[26316:22832:0131/200428.489:INFO:third_party\webrtc\rtc_base\cpu_info.cc:75] Available number of cores: 16
[4272:22120:0131/200428.928:INFO:third_party\webrtc\rtc_base\cpu_info.cc:75] Available number of cores: 16
[22116:21136:0131/200429.245:VERBOSE1:components\viz\service\main\viz_main_impl.cc:86] VizNullHypothesis is disabled (not a warning)
[24180:4836:0131/200430.242:INFO:CONSOLE:1] "console.groupCollapsed", source: https://g.alicdn.com/captcha-frontend/FeiLin/1.3.3/feilin091.a3e1b45296df2c22d302.js (1)
[24180:4836:0131/200430.250:INFO:CONSOLE:1] "%c%d: 1", source: https://g.alicdn.com/captcha-frontend/FeiLin/1.3.3/feilin091.a3e1b45296df2c22d302.js (1)
[24180:4836:0131/200430.250:INFO:CONSOLE:1] "%c%d font-size:0;color:transparent NaN", source: https://g.alicdn.com/captcha-frontend/FeiLin/1.3.3/feilin091.a3e1b45296df2c22d302.js (1)
[24180:4836:0131/200430.250:INFO:CONSOLE:1] "%c%d font-size:0;color:transparent Error", source: https://g.alicdn.com/captcha-frontend/FeiLin/1.3.3/feilin091.a3e1b45296df2c22d302.js (1)
[24180:4836:0131/200430.250:INFO:CONSOLE:1] "%c%d font-size:0;color:transparent Error", source: https://g.alicdn.com/captcha-frontend/FeiLin/1.3.3/feilin091.a3e1b45296df2c22d302.js (1)
[24180:4836:0131/200430.250:INFO:CONSOLE:1] "%c%d font-size:0;color:transparent NaN", source: https://g.alicdn.com/captcha-frontend/FeiLin/1.3.3/feilin091.a3e1b45296df2c22d302.js (1)
[24180:4836:0131/200430.250:INFO:CONSOLE:1] "%c%d font-size:0;color:transparent NaN", source: https://g.alicdn.com/captcha-frontend/FeiLin/1.3.3/feilin091.a3e1b45296df2c22d302.js (1)
[24180:4836:0131/200430.250:INFO:CONSOLE:1] "%c%d font-size:0;color:transparent NaN", source: https://g.alicdn.com/captcha-frontend/FeiLin/1.3.3/feilin091.a3e1b45296df2c22d302.js (1)
[24180:4836:0131/200430.250:INFO:CONSOLE:1] "%c%d font-size:0;color:transparent Error", source: https://g.alicdn.com/captcha-frontend/FeiLin/1.3.3/feilin091.a3e1b45296df2c22d302.js (1)
[24180:4836:0131/200430.250:INFO:CONSOLE:1] "%c%d font-size:0;color:transparent NaN", source: https://g.alicdn.com/captcha-frontend/FeiLin/1.3.3/feilin091.a3e1b45296df2c22d302.js (1)
[24180:4836:0131/200430.250:INFO:CONSOLE:1] "%c%d font-size:0;color:transparent NaN", source: https://g.alicdn.com/captcha-frontend/FeiLin/1.3.3/feilin091.a3e1b45296df2c22d302.js (1)
[24180:4836:0131/200430.250:INFO:CONSOLE:1] "console.groupEnd", source: https://g.alicdn.com/captcha-frontend/FeiLin/1.3.3/feilin091.a3e1b45296df2c22d302.js (1)
[24180:4836:0131/200431.388:WARNING:chrome\browser\media\prefs\capture_device_ranking.h:255] Can't initialize the value of media.audio_input.user_preference_ranking because media.default_audio_capture_device isn't registered or is empty
[24180:4836:0131/200431.388:WARNING:chrome\browser\media\prefs\capture_device_ranking.h:255] Can't initialize the value of media.video_input.user_preference_ranking because media.default_video_capture_Device isn't registered or is empty
[24340:10212:0131/200432.158:ERROR:gpu\ipc\client\command_buffer_proxy_impl.cc:327] GPU state invalid after WaitForGetOffsetInRange.
